Using pre-set license
Built from '2020.3/staging' branch; Version is '2020.3.14f1 (d0d1bb862f9d) revision 13685179'; Using compiler version '192528614'; Build Type 'Release'
OS: 'Windows 10 Education; OS build 19042.1237; Version 2009; 64bit' Language: 'en' Physical Memory: 16180 MB
BatchMode: 1, IsHumanControllingUs: 0, StartBugReporterOnCrash: 0, Is64bit: 1, IsPro: 0

 COMMAND LINE ARGUMENTS:
C:\Program Files\Unity\Editor\Unity.exe
-adb2
-batchMode
-noUpm
-name
AssetImportWorker0
-projectPath
C:/Users/W0454816/OneDrive - Nova Scotia Community College/NightTerror/NightTerror
-logFile
Logs/AssetImportWorker0.log
-srvPort
63118
Successfully changed project path to: C:/Users/W0454816/OneDrive - Nova Scotia Community College/NightTerror/NightTerror
C:/Users/W0454816/OneDrive - Nova Scotia Community College/NightTerror/NightTerror
Using Asset Import Pipeline V2.
Refreshing native plugins compatible for Editor in 37.19 ms, found 2 plugins.
Preloading 0 native plugins for Editor in 0.00 ms.
Initialize engine version: 2020.3.14f1 (d0d1bb862f9d)
[Subsystems] Discovering subsystems at path C:/Program Files/Unity/Editor/Data/Resources/UnitySubsystems
[Subsystems] Discovering subsystems at path C:/Users/W0454816/OneDrive - Nova Scotia Community College/NightTerror/NightTerror/Assets
GfxDevice: creating device client; threaded=0
Direct3D:
    Version:  Direct3D 11.0 [level 11.0]
    Renderer: NVIDIA Quadro K2200 (ID=0x13ba)
    Vendor:   
    VRAM:     4053 MB
    Driver:   27.21.14.6192
Shader 'Custom/RainShader': fallback shader 'Particles/Alpha Blended' not found
Initialize mono
Mono path[0] = 'C:/Program Files/Unity/Editor/Data/Managed'
Mono path[1] = 'C:/Program Files/Unity/Editor/Data/MonoBleedingEdge/lib/mono/unityjit'
Mono config path = 'C:/Program Files/Unity/Editor/Data/MonoBleedingEdge/etc'
Using monoOptions --debugger-agent=transport=dt_socket,embedding=1,server=y,suspend=n,address=127.0.0.1:56692
Begin MonoManager ReloadAssembly
Registering precompiled unity dll's ...
Register platform support module: C:/Program Files/Unity/Editor/Data/PlaybackEngines/WindowsStandaloneSupport/UnityEditor.WindowsStandalone.Extensions.dll
Registered in 0.001963 seconds.
Native extension for WindowsStandalone target not found
Refreshing native plugins compatible for Editor in 32.86 ms, found 2 plugins.
Preloading 0 native plugins for Editor in 0.00 ms.
Mono: successfully reloaded assembly
- Completed reload, in  1.060 seconds
Domain Reload Profiling:
	ReloadAssembly (1060ms)
		BeginReloadAssembly (57ms)
			ExecutionOrderSort (0ms)
			DisableScriptedObjects (0ms)
			BackupInstance (0ms)
			ReleaseScriptingObjects (0ms)
			CreateAndSetChildDomain (1ms)
		EndReloadAssembly (413ms)
			LoadAssemblies (55ms)
			RebuildTransferFunctionScriptingTraits (0ms)
			SetupTypeCache (154ms)
			ReleaseScriptCaches (0ms)
			RebuildScriptCaches (30ms)
			SetupLoadedEditorAssemblies (156ms)
				LogAssemblyErrors (0ms)
				InitializePlatformSupportModulesInManaged (4ms)
				SetLoadedEditorAssemblies (0ms)
				RefreshPlugins (33ms)
				BeforeProcessingInitializeOnLoad (14ms)
				ProcessInitializeOnLoadAttributes (79ms)
				ProcessInitializeOnLoadMethodAttributes (27ms)
				AfterProcessingInitializeOnLoad (0ms)
				EditorAssembliesLoaded (0ms)
			ExecutionOrderSort2 (0ms)
			AwakeInstancesAfterBackupRestoration (0ms)
Platform modules already initialized, skipping
Registering precompiled user dll's ...
Registered in 0.005117 seconds.
Begin MonoManager ReloadAssembly
Native extension for WindowsStandalone target not found
Refreshing native plugins compatible for Editor in 0.37 ms, found 2 plugins.
Preloading 0 native plugins for Editor in 0.00 ms.
Mono: successfully reloaded assembly
- Completed reload, in  1.109 seconds
Domain Reload Profiling:
	ReloadAssembly (1110ms)
		BeginReloadAssembly (155ms)
			ExecutionOrderSort (0ms)
			DisableScriptedObjects (5ms)
			BackupInstance (0ms)
			ReleaseScriptingObjects (0ms)
			CreateAndSetChildDomain (18ms)
		EndReloadAssembly (890ms)
			LoadAssemblies (89ms)
			RebuildTransferFunctionScriptingTraits (0ms)
			SetupTypeCache (282ms)
			ReleaseScriptCaches (0ms)
			RebuildScriptCaches (45ms)
			SetupLoadedEditorAssemblies (379ms)
				LogAssemblyErrors (0ms)
				InitializePlatformSupportModulesInManaged (5ms)
				SetLoadedEditorAssemblies (0ms)
				RefreshPlugins (0ms)
				BeforeProcessingInitializeOnLoad (92ms)
				ProcessInitializeOnLoadAttributes (269ms)
				ProcessInitializeOnLoadMethodAttributes (5ms)
				AfterProcessingInitializeOnLoad (7ms)
				EditorAssembliesLoaded (0ms)
			ExecutionOrderSort2 (0ms)
			AwakeInstancesAfterBackupRestoration (7ms)
Platform modules already initialized, skipping
========================================================================
Worker process is ready to serve import requests
Shader 'Custom/RainShader': fallback shader 'Particles/Alpha Blended' not found
Launched and connected shader compiler UnityShaderCompiler.exe after 0.05 seconds
Refreshing native plugins compatible for Editor in 0.51 ms, found 2 plugins.
Preloading 0 native plugins for Editor in 0.00 ms.
Unloading 1439 Unused Serialized files (Serialized files now loaded: 0)
System memory in use before: 163.5 MB.
System memory in use after: 163.6 MB.

Unloading 18 unused Assets to reduce memory usage. Loaded Objects now: 1906.
Total: 2.143600 ms (FindLiveObjects: 0.159900 ms CreateObjectMapping: 0.046800 ms MarkObjects: 1.794300 ms  DeleteObjects: 0.141300 ms)

AssetImportParameters requested are different than current active one (requested -> active):
  custom:framework-win-MediaFoundation: 216162199b28c13a410421893ffa2e32 -> 
  custom:video-decoder-ogg-theora: a1e56fd34408186e4bbccfd4996cb3dc -> 
  custom:container-muxer-webm: aa71ff27fc2769a1b78a27578f13a17b -> 
  custom:container-demuxer-webm: 4f35f7cbe854078d1ac9338744f61a02 -> 
  custom:container-demuxer-ogg: 62fdf1f143b41e24485cea50d1cbac27 -> 
  custom:video-encoder-webm-vp8: eb34c28f22e8b96e1ab97ce403110664 -> 
  custom:video-decoder-webm-vp8: 9c59270c3fd7afecdb556c50c9e8de78 -> 
  custom:audio-decoder-ogg-vorbis: bf7c407c2cedff20999df2af8eb42d56 -> 
  custom:audio-encoder-webm-vorbis: bf7c407c2cedff20999df2af8eb42d56 -> 
========================================================================
Received Import Request.
  path: Assets/Day-Night Skyboxes/Textures/SkyBrightMorning_Bottom.png
  artifactKey: Guid(e152b2ea193082342959aac7a05adc7b) Importer(815301076,1909f56bfc062723c751e8b465ee728b)
Start importing Assets/Day-Night Skyboxes/Textures/SkyBrightMorning_Bottom.png using Guid(e152b2ea193082342959aac7a05adc7b) Importer(815301076,1909f56bfc062723c751e8b465ee728b) FieldOfViewEditor uses the CustomEditor attribute but does not inherit from Editor.
You must inherit from Editor. See the Editor class script documentation.
UnityEngine.StackTraceUtility:ExtractStackTrace ()
UnityEngine.DebugLogHandler:LogFormat (UnityEngine.LogType,UnityEngine.Object,string,object[])
UnityEngine.Logger:Log (UnityEngine.LogType,object)
UnityEngine.Debug:LogWarning (object)
UnityEditor.CustomEditorAttributes:Rebuild ()
UnityEditor.CustomEditorAttributes:FindCustomEditorTypeByType (System.Type,bool)
UnityEditor.CustomEditorAttributes:FindCustomEditorType (UnityEngine.Object,bool)
UnityEditor.AssetPreviewUpdater:CreatePreviewForAsset (UnityEngine.Object,UnityEngine.Object[],string)

 -> (artifact id: 'e6e52c3be20366fc1dfe6c3f651a6538') in 0.108889 seconds 
  Import took 0.114194 seconds .

========================================================================
Received Import Request.
  Time since last request: 0.000245 seconds.
  path: Assets/Day-Night Skyboxes/Textures/SkyMorning_Left.png
  artifactKey: Guid(c6df5489072ca7a4fad87ec2825e86da) Importer(815301076,1909f56bfc062723c751e8b465ee728b)
Start importing Assets/Day-Night Skyboxes/Textures/SkyMorning_Left.png using Guid(c6df5489072ca7a4fad87ec2825e86da) Importer(815301076,1909f56bfc062723c751e8b465ee728b)  -> (artifact id: '7a247552182c3c9b763d510075754047') in 0.036727 seconds 
  Import took 0.040866 seconds .

========================================================================
Received Import Request.
  Time since last request: 0.000183 seconds.
  path: Assets/Day-Night Skyboxes/Textures/SkyMorning_Right.png
  artifactKey: Guid(1614bd25d4ad84f40b412f1663830eb9) Importer(815301076,1909f56bfc062723c751e8b465ee728b)
Start importing Assets/Day-Night Skyboxes/Textures/SkyMorning_Right.png using Guid(1614bd25d4ad84f40b412f1663830eb9) Importer(815301076,1909f56bfc062723c751e8b465ee728b)  -> (artifact id: '0d846c2759a557e5e54b546c18973b43') in 0.019125 seconds 
  Import took 0.023110 seconds .

========================================================================
Received Import Request.
  Time since last request: 0.000173 seconds.
  path: Assets/SimpleLowPolyNature/Scenes/PrefabsScene/Lightmap-1_comp_dir.png
  artifactKey: Guid(5cab939ab3666cc4091260e92b1cd3db) Importer(815301076,1909f56bfc062723c751e8b465ee728b)
Start importing Assets/SimpleLowPolyNature/Scenes/PrefabsScene/Lightmap-1_comp_dir.png using Guid(5cab939ab3666cc4091260e92b1cd3db) Importer(815301076,1909f56bfc062723c751e8b465ee728b)  -> (artifact id: 'b88fd3ad48cccea73d586342dac7026d') in 0.016426 seconds 
  Import took 0.020441 seconds .

========================================================================
Received Import Request.
  Time since last request: 0.000164 seconds.
  path: Assets/Ground textures pack/Grass & dead leafs 01/diffuse.tga
  artifactKey: Guid(46c9b2c471a59f24cbe88eae93a32f60) Importer(815301076,1909f56bfc062723c751e8b465ee728b)
Start importing Assets/Ground textures pack/Grass & dead leafs 01/diffuse.tga using Guid(46c9b2c471a59f24cbe88eae93a32f60) Importer(815301076,1909f56bfc062723c751e8b465ee728b)  -> (artifact id: '07af939ad62f7d5182787d8ce1ca0c53') in 0.070230 seconds 
  Import took 0.074713 seconds .

========================================================================
Received Import Request.
  Time since last request: 0.000182 seconds.
  path: Assets/Ground textures pack/Grass 02/preview.jpg
  artifactKey: Guid(c3f3938c7c9e3d746a4d01269c0e3bbe) Importer(815301076,1909f56bfc062723c751e8b465ee728b)
Start importing Assets/Ground textures pack/Grass 02/preview.jpg using Guid(c3f3938c7c9e3d746a4d01269c0e3bbe) Importer(815301076,1909f56bfc062723c751e8b465ee728b)  -> (artifact id: '8feb63051782ce6e35bf9396630a15bf') in 0.030325 seconds 
  Import took 0.035593 seconds .

========================================================================
Received Import Request.
  Time since last request: 0.000199 seconds.
  path: Assets/Ground textures pack/Grass 05/preview.jpg
  artifactKey: Guid(3f700d4069d83574ea6db821b3f8c561) Importer(815301076,1909f56bfc062723c751e8b465ee728b)
Start importing Assets/Ground textures pack/Grass 05/preview.jpg using Guid(3f700d4069d83574ea6db821b3f8c561) Importer(815301076,1909f56bfc062723c751e8b465ee728b)  -> (artifact id: '8d62c6917708b671f42aa9e24d3fd01d') in 0.027077 seconds 
  Import took 0.031839 seconds .

========================================================================
Received Import Request.
  Time since last request: 0.000236 seconds.
  path: Assets/Ground textures pack/Ground & weeds/preview.jpg
  artifactKey: Guid(0eea7651b99559648ab8929cb28e591a) Importer(815301076,1909f56bfc062723c751e8b465ee728b)
Start importing Assets/Ground textures pack/Ground & weeds/preview.jpg using Guid(0eea7651b99559648ab8929cb28e591a) Importer(815301076,1909f56bfc062723c751e8b465ee728b)  -> (artifact id: '939bef0c062081689dfa2ff0127e9034') in 0.029432 seconds 
  Import took 0.033988 seconds .

========================================================================
Received Import Request.
  Time since last request: 0.000195 seconds.
  path: Assets/Ground textures pack/Grass 02/diffuse.tga
  artifactKey: Guid(d902345b12dd31e4a83f0c375a540341) Importer(815301076,1909f56bfc062723c751e8b465ee728b)
Start importing Assets/Ground textures pack/Grass 02/diffuse.tga using Guid(d902345b12dd31e4a83f0c375a540341) Importer(815301076,1909f56bfc062723c751e8b465ee728b)  -> (artifact id: '185cacbfe84ec32f3fb55311fa8cf573') in 0.023421 seconds 
  Import took 0.027954 seconds .

========================================================================
Received Import Request.
  Time since last request: 0.000178 seconds.
  path: Assets/SimpleLowPolyNature/Scenes/PrefabsScene/Lightmap-1_comp_light.exr
  artifactKey: Guid(79007bb635c0658428463e660b93418d) Importer(815301076,1909f56bfc062723c751e8b465ee728b)
Start importing Assets/SimpleLowPolyNature/Scenes/PrefabsScene/Lightmap-1_comp_light.exr using Guid(79007bb635c0658428463e660b93418d) Importer(815301076,1909f56bfc062723c751e8b465ee728b)  -> (artifact id: 'ff2842784bd94b46f7b723252441a238') in 0.045307 seconds 
  Import took 0.049811 seconds .

========================================================================
Received Import Request.
  Time since last request: 0.000171 seconds.
  path: Assets/Day-Night Skyboxes/Textures/SkyAfterNoon_Top.png
  artifactKey: Guid(31b24bb50a20c0047b30ee5fc78848b2) Importer(815301076,1909f56bfc062723c751e8b465ee728b)
Start importing Assets/Day-Night Skyboxes/Textures/SkyAfterNoon_Top.png using Guid(31b24bb50a20c0047b30ee5fc78848b2) Importer(815301076,1909f56bfc062723c751e8b465ee728b)  -> (artifact id: 'ba9e9c9fc5a3a800da1d2515fc8613c2') in 0.023818 seconds 
  Import took 0.028471 seconds .

========================================================================
Received Import Request.
  Time since last request: 0.000169 seconds.
  path: Assets/Day-Night Skyboxes/Textures/SkyEarlyDusk_Front.png
  artifactKey: Guid(03d88a9245522804b93d275a99ae6f6a) Importer(815301076,1909f56bfc062723c751e8b465ee728b)
Start importing Assets/Day-Night Skyboxes/Textures/SkyEarlyDusk_Front.png using Guid(03d88a9245522804b93d275a99ae6f6a) Importer(815301076,1909f56bfc062723c751e8b465ee728b)  -> (artifact id: '05e8e8654b45d36a210331eebea04caf') in 0.016703 seconds 
  Import took 0.019600 seconds .

========================================================================
Received Import Request.
  Time since last request: 0.000161 seconds.
  path: Assets/Day-Night Skyboxes/Textures/SkyHole_Back.png
  artifactKey: Guid(33388096eee0690409d74a835a243679) Importer(815301076,1909f56bfc062723c751e8b465ee728b)
Start importing Assets/Day-Night Skyboxes/Textures/SkyHole_Back.png using Guid(33388096eee0690409d74a835a243679) Importer(815301076,1909f56bfc062723c751e8b465ee728b)  -> (artifact id: '24d70c7d16a94afb5238409b4482989c') in 0.026561 seconds 
  Import took 0.029872 seconds .

========================================================================
Received Import Request.
  Time since last request: 0.000194 seconds.
  path: Assets/RainMaker/Prefab/RainTexture.png
  artifactKey: Guid(0bf90ccca9a75684795d89669e00f773) Importer(815301076,1909f56bfc062723c751e8b465ee728b)
Start importing Assets/RainMaker/Prefab/RainTexture.png using Guid(0bf90ccca9a75684795d89669e00f773) Importer(815301076,1909f56bfc062723c751e8b465ee728b)  -> (artifact id: 'e1c1e39ed6b077766ec43ae60128ecb4') in 0.036471 seconds 
  Import took 0.046201 seconds .

========================================================================
Received Import Request.
  Time since last request: 0.000158 seconds.
  path: Assets/Day-Night Skyboxes/Textures/SkyBrightMorning_Front.png
  artifactKey: Guid(57167e32cb5ff7d459d9609721381501) Importer(815301076,1909f56bfc062723c751e8b465ee728b)
Start importing Assets/Day-Night Skyboxes/Textures/SkyBrightMorning_Front.png using Guid(57167e32cb5ff7d459d9609721381501) Importer(815301076,1909f56bfc062723c751e8b465ee728b)  -> (artifact id: '3e182f587cadfd507a906a1124d8c316') in 0.022568 seconds 
  Import took 0.026346 seconds .

========================================================================
Received Import Request.
  Time since last request: 0.000185 seconds.
  path: Assets/Day-Night Skyboxes/Textures/SkyCloudy_Front.png
  artifactKey: Guid(f1dbab6ff4a0d364888f2b32cf7fae59) Importer(815301076,1909f56bfc062723c751e8b465ee728b)
Start importing Assets/Day-Night Skyboxes/Textures/SkyCloudy_Front.png using Guid(f1dbab6ff4a0d364888f2b32cf7fae59) Importer(815301076,1909f56bfc062723c751e8b465ee728b)  -> (artifact id: '5de83e8f4c828712dd12788d370da796') in 0.023268 seconds 
  Import took 0.030249 seconds .

========================================================================
Received Import Request.
  Time since last request: 0.000177 seconds.
  path: Assets/Day-Night Skyboxes/Textures/SkyCloudy_Bottom.png
  artifactKey: Guid(02a96a4cf316be246a590957eaa06cbc) Importer(815301076,1909f56bfc062723c751e8b465ee728b)
Start importing Assets/Day-Night Skyboxes/Textures/SkyCloudy_Bottom.png using Guid(02a96a4cf316be246a590957eaa06cbc) Importer(815301076,1909f56bfc062723c751e8b465ee728b)  -> (artifact id: 'e4cbceafbf58e35d5e50135596513a37') in 0.021892 seconds 
  Import took 0.025546 seconds .

========================================================================
Received Import Request.
  Time since last request: 0.000195 seconds.
  path: Assets/RainMaker/Demo/Standard Assets/Environment/TerrainAssets/BillboardTextures/GrassFrond01AlbedoAlpha.psd
  artifactKey: Guid(2c528fec5d95e4ac28cf46399b887662) Importer(815301076,1909f56bfc062723c751e8b465ee728b)
Start importing Assets/RainMaker/Demo/Standard Assets/Environment/TerrainAssets/BillboardTextures/GrassFrond01AlbedoAlpha.psd using Guid(2c528fec5d95e4ac28cf46399b887662) Importer(815301076,1909f56bfc062723c751e8b465ee728b)  -> (artifact id: 'db3dab175c6c8190ba2b3672a4d6a24b') in 0.026114 seconds 
  Import took 0.029551 seconds .

========================================================================
Received Import Request.
  Time since last request: 0.000178 seconds.
  path: Assets/Ground textures pack/Ground & rocks 03/diffuse.tga
  artifactKey: Guid(117cca91456049f4692a3becee93522e) Importer(815301076,1909f56bfc062723c751e8b465ee728b)
Start importing Assets/Ground textures pack/Ground & rocks 03/diffuse.tga using Guid(117cca91456049f4692a3becee93522e) Importer(815301076,1909f56bfc062723c751e8b465ee728b)  -> (artifact id: 'ab5765071b55612f8eeefd05b3e19d8c') in 0.021967 seconds 
  Import took 0.024519 seconds .

========================================================================
Received Import Request.
  Time since last request: 0.000164 seconds.
  path: Assets/EmaceArt/Free Meadows/Texture/Demo_Pobbles_Sand.png
  artifactKey: Guid(8fccbec7934cd0c409a6b38313b7b7b0) Importer(815301076,1909f56bfc062723c751e8b465ee728b)
Start importing Assets/EmaceArt/Free Meadows/Texture/Demo_Pobbles_Sand.png using Guid(8fccbec7934cd0c409a6b38313b7b7b0) Importer(815301076,1909f56bfc062723c751e8b465ee728b)  -> (artifact id: 'ea8b3a3be3a8bcb5efcc1473e4ca6660') in 0.025580 seconds 
  Import took 0.028926 seconds .

========================================================================
Received Import Request.
  Time since last request: 0.000208 seconds.
  path: Assets/EmaceArt/Free Meadows/Sky/Sunless_BlueSky_01_Cam_1_Back-Z.png
  artifactKey: Guid(1b4d9e5e3b2b8aa44aa61579bc4912e5) Importer(815301076,1909f56bfc062723c751e8b465ee728b)
Start importing Assets/EmaceArt/Free Meadows/Sky/Sunless_BlueSky_01_Cam_1_Back-Z.png using Guid(1b4d9e5e3b2b8aa44aa61579bc4912e5) Importer(815301076,1909f56bfc062723c751e8b465ee728b)  -> (artifact id: 'c0e062c8e6bdd74d35dcb8f8065f5582') in 0.031806 seconds 
  Import took 0.034981 seconds .

========================================================================
Received Import Request.
  Time since last request: 0.000161 seconds.
  path: Assets/Ground textures pack/Ground & moss/normal.tga
  artifactKey: Guid(a5c98dee3744c1944a469568d41d8eb4) Importer(815301076,1909f56bfc062723c751e8b465ee728b)
Start importing Assets/Ground textures pack/Ground & moss/normal.tga using Guid(a5c98dee3744c1944a469568d41d8eb4) Importer(815301076,1909f56bfc062723c751e8b465ee728b)  -> (artifact id: '93479d632e87a3d27c3f4c6b0e3c178e') in 0.028202 seconds 
  Import took 0.031875 seconds .

========================================================================
Received Import Request.
  Time since last request: 0.000189 seconds.
  path: Assets/Ground textures pack/Ground 01/diffuse.tga
  artifactKey: Guid(eafd0beb9c624d34f812be7d14134c2f) Importer(815301076,1909f56bfc062723c751e8b465ee728b)
Start importing Assets/Ground textures pack/Ground 01/diffuse.tga using Guid(eafd0beb9c624d34f812be7d14134c2f) Importer(815301076,1909f56bfc062723c751e8b465ee728b)  -> (artifact id: 'e478ea386767ed890e5d6625f0f2a4be') in 0.022389 seconds 
  Import took 0.026565 seconds .

========================================================================
Received Import Request.
  Time since last request: 0.000186 seconds.
  path: Assets/RainMaker/Demo/Standard Assets/Environment/TerrainAssets/SurfaceTextures/GrassHillAlbedo.psd
  artifactKey: Guid(c6e0767b1f8c34890ac245217f4b9731) Importer(815301076,1909f56bfc062723c751e8b465ee728b)
Start importing Assets/RainMaker/Demo/Standard Assets/Environment/TerrainAssets/SurfaceTextures/GrassHillAlbedo.psd using Guid(c6e0767b1f8c34890ac245217f4b9731) Importer(815301076,1909f56bfc062723c751e8b465ee728b)  -> (artifact id: '4c60089bc42f03ae1551a7d7960a11f8') in 0.029702 seconds 
  Import took 0.037012 seconds .

========================================================================
Received Import Request.
  Time since last request: 0.000202 seconds.
  path: Assets/Day-Night Skyboxes/Textures/SkyHole_Left.png
  artifactKey: Guid(290f12ad67dd9334fae83c3cf6670a73) Importer(815301076,1909f56bfc062723c751e8b465ee728b)
Start importing Assets/Day-Night Skyboxes/Textures/SkyHole_Left.png using Guid(290f12ad67dd9334fae83c3cf6670a73) Importer(815301076,1909f56bfc062723c751e8b465ee728b)  -> (artifact id: 'e3d0593471e0b63dafcbb9878edb4fdf') in 0.026285 seconds 
  Import took 0.029710 seconds .

========================================================================
Received Import Request.
  Time since last request: 0.000726 seconds.
  path: Assets/Day-Night Skyboxes/Textures/SkyMorning_Front.png
  artifactKey: Guid(9a0712f313ac35346b72a4a276b28bb2) Importer(815301076,1909f56bfc062723c751e8b465ee728b)
Start importing Assets/Day-Night Skyboxes/Textures/SkyMorning_Front.png using Guid(9a0712f313ac35346b72a4a276b28bb2) Importer(815301076,1909f56bfc062723c751e8b465ee728b)  -> (artifact id: 'ce8726e6cdb389100aa6545e0b9f7c21') in 0.023366 seconds 
  Import took 0.027447 seconds .

========================================================================
Received Import Request.
  Time since last request: 0.000184 seconds.
  path: Assets/Ground textures pack/Grass 06/preview.jpg
  artifactKey: Guid(923d402301de9714eb824d8234c30919) Importer(815301076,1909f56bfc062723c751e8b465ee728b)
Start importing Assets/Ground textures pack/Grass 06/preview.jpg using Guid(923d402301de9714eb824d8234c30919) Importer(815301076,1909f56bfc062723c751e8b465ee728b)  -> (artifact id: '00534597ad9f35a1b8c7a5bb75b84b82') in 0.020756 seconds 
  Import took 0.023839 seconds .

========================================================================
Received Import Request.
  Time since last request: 0.000177 seconds.
  path: Assets/Day-Night Skyboxes/Textures/SkyMidNight_Top.png
  artifactKey: Guid(e211c2ca9055575428e0614590e7e651) Importer(815301076,1909f56bfc062723c751e8b465ee728b)
Start importing Assets/Day-Night Skyboxes/Textures/SkyMidNight_Top.png using Guid(e211c2ca9055575428e0614590e7e651) Importer(815301076,1909f56bfc062723c751e8b465ee728b)  -> (artifact id: '20c1dd25d760d9421d6ec0f02f0b82c8') in 0.034028 seconds 
  Import took 0.039560 seconds .

========================================================================
Received Import Request.
  Time since last request: 0.000205 seconds.
  path: Assets/Day-Night Skyboxes/Textures/SkyAfterNoon_Front.png
  artifactKey: Guid(801a87c5db92ace45a6a9346777f1f5f) Importer(815301076,1909f56bfc062723c751e8b465ee728b)
Start importing Assets/Day-Night Skyboxes/Textures/SkyAfterNoon_Front.png using Guid(801a87c5db92ace45a6a9346777f1f5f) Importer(815301076,1909f56bfc062723c751e8b465ee728b)  -> (artifact id: '10eb0d8b8be43ffe790003b0186b6fb2') in 0.024947 seconds 
  Import took 0.028438 seconds .

========================================================================
Received Import Request.
  Time since last request: 0.000158 seconds.
  path: Assets/Ground textures pack/Ground 01/preview.jpg
  artifactKey: Guid(4e395003c6632ab4a8ad3a08d72ccb21) Importer(815301076,1909f56bfc062723c751e8b465ee728b)
Start importing Assets/Ground textures pack/Ground 01/preview.jpg using Guid(4e395003c6632ab4a8ad3a08d72ccb21) Importer(815301076,1909f56bfc062723c751e8b465ee728b)  -> (artifact id: '9e1985d9c547d2fb0021fc8269ca188e') in 0.018142 seconds 
  Import took 0.022405 seconds .

========================================================================
Received Import Request.
  Time since last request: 0.000292 seconds.
  path: Assets/Ground textures pack/Lava/normal.tga
  artifactKey: Guid(d9327a0e08e4ab54284a5f31a7e7db5a) Importer(815301076,1909f56bfc062723c751e8b465ee728b)
Start importing Assets/Ground textures pack/Lava/normal.tga using Guid(d9327a0e08e4ab54284a5f31a7e7db5a) Importer(815301076,1909f56bfc062723c751e8b465ee728b)  -> (artifact id: 'a446e0d5a04c149667d1a3aa220a9346') in 0.024453 seconds 
  Import took 0.029487 seconds .

========================================================================
Received Import Request.
  Time since last request: 0.000234 seconds.
  path: Assets/Day-Night Skyboxes/Textures/SkyBrightMorning_Right.png
  artifactKey: Guid(62f6306d636d810479805f34fa875e27) Importer(815301076,1909f56bfc062723c751e8b465ee728b)
Start importing Assets/Day-Night Skyboxes/Textures/SkyBrightMorning_Right.png using Guid(62f6306d636d810479805f34fa875e27) Importer(815301076,1909f56bfc062723c751e8b465ee728b)  -> (artifact id: '85672026a982f4d818b62393734be291') in 0.022846 seconds 
  Import took 0.028130 seconds .

========================================================================
Received Import Request.
  Time since last request: 0.000229 seconds.
  path: Assets/Ground textures pack/Grass 06/diffuse.tga
  artifactKey: Guid(f3c7e12938d22604eb51dc02b394dd80) Importer(815301076,1909f56bfc062723c751e8b465ee728b)
Start importing Assets/Ground textures pack/Grass 06/diffuse.tga using Guid(f3c7e12938d22604eb51dc02b394dd80) Importer(815301076,1909f56bfc062723c751e8b465ee728b)  -> (artifact id: 'acbfb7fd28c4daf69e3b63fa6ec6d616') in 0.032721 seconds 
  Import took 0.041481 seconds .

========================================================================
Received Import Request.
  Time since last request: 0.000170 seconds.
  path: Assets/EmaceArt/Free Meadows/Sky/Sunless_BlueSky_01_Cam_0_Front+Z.png
  artifactKey: Guid(eef081964061ef741900f3a3779b78fc) Importer(815301076,1909f56bfc062723c751e8b465ee728b)
Start importing Assets/EmaceArt/Free Meadows/Sky/Sunless_BlueSky_01_Cam_0_Front+Z.png using Guid(eef081964061ef741900f3a3779b78fc) Importer(815301076,1909f56bfc062723c751e8b465ee728b)  -> (artifact id: '02371bddd51e34192c1e61c94a44f17a') in 0.030768 seconds 
  Import took 0.033634 seconds .

========================================================================
Received Import Request.
  Time since last request: 0.000171 seconds.
  path: Assets/Ground textures pack/Ground 01/normal.tga
  artifactKey: Guid(f49b46ff67c24a84ba0cdb7301ab7337) Importer(815301076,1909f56bfc062723c751e8b465ee728b)
Start importing Assets/Ground textures pack/Ground 01/normal.tga using Guid(f49b46ff67c24a84ba0cdb7301ab7337) Importer(815301076,1909f56bfc062723c751e8b465ee728b)  -> (artifact id: '7bd589efc80fc14ac485c7cd029cb001') in 0.027963 seconds 
  Import took 0.031108 seconds .

========================================================================
Received Import Request.
  Time since last request: 0.000170 seconds.
  path: Assets/Ground textures pack/Ground & moss/preview.jpg
  artifactKey: Guid(89b1108068912fd4e81b047cbe3a5182) Importer(815301076,1909f56bfc062723c751e8b465ee728b)
Start importing Assets/Ground textures pack/Ground & moss/preview.jpg using Guid(89b1108068912fd4e81b047cbe3a5182) Importer(815301076,1909f56bfc062723c751e8b465ee728b)  -> (artifact id: '37e727479e1a035503088f98c7cebb3b') in 0.021287 seconds 
  Import took 0.024658 seconds .

========================================================================
Received Import Request.
  Time since last request: 0.000184 seconds.
  path: Assets/Ground textures pack/Ground & rocks 01/normal.tga
  artifactKey: Guid(7d7d59aaca791d54c9726e6b4e1feb61) Importer(815301076,1909f56bfc062723c751e8b465ee728b)
Start importing Assets/Ground textures pack/Ground & rocks 01/normal.tga using Guid(7d7d59aaca791d54c9726e6b4e1feb61) Importer(815301076,1909f56bfc062723c751e8b465ee728b)  -> (artifact id: '205f96539baeb9c3e25ce6cd4600eff7') in 0.028393 seconds 
  Import took 0.031670 seconds .

========================================================================
Received Import Request.
  Time since last request: 0.000293 seconds.
  path: Assets/Ground textures pack/Ground & weeds/normal.tga
  artifactKey: Guid(aaf8aa487d001f44f9726eb6ee77d298) Importer(815301076,1909f56bfc062723c751e8b465ee728b)
Start importing Assets/Ground textures pack/Ground & weeds/normal.tga using Guid(aaf8aa487d001f44f9726eb6ee77d298) Importer(815301076,1909f56bfc062723c751e8b465ee728b)  -> (artifact id: '3c3d47bb391ffc0578cc5ea33f3fc711') in 0.026047 seconds 
  Import took 0.029646 seconds .

========================================================================
Received Import Request.
  Time since last request: 0.000168 seconds.
  path: Assets/Day-Night Skyboxes/Textures/SkyAfterNoon_Bottom.png
  artifactKey: Guid(b6ef619cfefbc3a48bfe3a846f9adb9a) Importer(815301076,1909f56bfc062723c751e8b465ee728b)
Start importing Assets/Day-Night Skyboxes/Textures/SkyAfterNoon_Bottom.png using Guid(b6ef619cfefbc3a48bfe3a846f9adb9a) Importer(815301076,1909f56bfc062723c751e8b465ee728b)  -> (artifact id: '4e382a8774ecd3a9a1f06f9c0c291f18') in 0.022513 seconds 
  Import took 0.026334 seconds .

========================================================================
Received Import Request.
  Time since last request: 0.000197 seconds.
  path: Assets/Day-Night Skyboxes/Textures/SkySunSet_Bottom.png
  artifactKey: Guid(d34a7e42f26d51041ade65d0b0e898bf) Importer(815301076,1909f56bfc062723c751e8b465ee728b)
Start importing Assets/Day-Night Skyboxes/Textures/SkySunSet_Bottom.png using Guid(d34a7e42f26d51041ade65d0b0e898bf) Importer(815301076,1909f56bfc062723c751e8b465ee728b)  -> (artifact id: '68781184b7db0fcd5c4c8e1577797462') in 0.021939 seconds 
  Import took 0.025127 seconds .

========================================================================
Received Import Request.
  Time since last request: 0.000292 seconds.
  path: Assets/Day-Night Skyboxes/Textures/SkyEarlyDusk_Bottom.png
  artifactKey: Guid(3b39cd44ada2c7e4582ffc0d367906f6) Importer(815301076,1909f56bfc062723c751e8b465ee728b)
Start importing Assets/Day-Night Skyboxes/Textures/SkyEarlyDusk_Bottom.png using Guid(3b39cd44ada2c7e4582ffc0d367906f6) Importer(815301076,1909f56bfc062723c751e8b465ee728b)  -> (artifact id: '109e3d8b1f2ccbedb4b9f99442b77b8a') in 0.011591 seconds 
  Import took 0.015100 seconds .

========================================================================
Received Import Request.
  Time since last request: 0.000170 seconds.
  path: Assets/Day-Night Skyboxes/Textures/SkyMidNight_Front.png
  artifactKey: Guid(f29a90fb9c5a19045b7f1897b30c5777) Importer(815301076,1909f56bfc062723c751e8b465ee728b)
Start importing Assets/Day-Night Skyboxes/Textures/SkyMidNight_Front.png using Guid(f29a90fb9c5a19045b7f1897b30c5777) Importer(815301076,1909f56bfc062723c751e8b465ee728b)  -> (artifact id: '1ce1a9cfb49da5efadc959bf72565e1c') in 0.021762 seconds 
  Import took 0.025051 seconds .

========================================================================
Received Import Request.
  Time since last request: 0.000167 seconds.
  path: Assets/Ground textures pack/Lava/emissive.tga
  artifactKey: Guid(c65e186198f501046a0aba89c6335cac) Importer(815301076,1909f56bfc062723c751e8b465ee728b)
Start importing Assets/Ground textures pack/Lava/emissive.tga using Guid(c65e186198f501046a0aba89c6335cac) Importer(815301076,1909f56bfc062723c751e8b465ee728b)  -> (artifact id: '29f64dba741a1747a3ebf8d7263e8feb') in 0.027672 seconds 
  Import took 0.030676 seconds .

========================================================================
Received Import Request.
  Time since last request: 0.000177 seconds.
  path: Assets/Day-Night Skyboxes/Textures/SkyHole_Right.png
  artifactKey: Guid(34fb02e33563a2e46a8dc30b1db95a63) Importer(815301076,1909f56bfc062723c751e8b465ee728b)
Start importing Assets/Day-Night Skyboxes/Textures/SkyHole_Right.png using Guid(34fb02e33563a2e46a8dc30b1db95a63) Importer(815301076,1909f56bfc062723c751e8b465ee728b)  -> (artifact id: '6419fc5d713ac548f86922ea8320ebe5') in 0.023038 seconds 
  Import took 0.025913 seconds .

========================================================================
Received Import Request.
  Time since last request: 0.000180 seconds.
  path: Assets/Day-Night Skyboxes/Textures/SkyHole_Top.png
  artifactKey: Guid(962d039a3950b124099ac6d3aedff947) Importer(815301076,1909f56bfc062723c751e8b465ee728b)
Start importing Assets/Day-Night Skyboxes/Textures/SkyHole_Top.png using Guid(962d039a3950b124099ac6d3aedff947) Importer(815301076,1909f56bfc062723c751e8b465ee728b)  -> (artifact id: '6571edbbec940849a0f39b81c4f59cff') in 0.025234 seconds 
  Import took 0.028785 seconds .

========================================================================
Received Import Request.
  Time since last request: 0.000169 seconds.
  path: Assets/Ground textures pack/Ground & rocks 03/normal.tga
  artifactKey: Guid(cff344200e51614498e78e8f88d54273) Importer(815301076,1909f56bfc062723c751e8b465ee728b)
Start importing Assets/Ground textures pack/Ground & rocks 03/normal.tga using Guid(cff344200e51614498e78e8f88d54273) Importer(815301076,1909f56bfc062723c751e8b465ee728b)  -> (artifact id: '329a17ab151db950c28d7e480ba9b37e') in 0.026582 seconds 
  Import took 0.030415 seconds .

========================================================================
Received Import Request.
  Time since last request: 0.000172 seconds.
  path: Assets/Ground textures pack/Grass & dead leafs 01/preview.jpg
  artifactKey: Guid(9f425c22a471a47459e192cb7dafd4c5) Importer(815301076,1909f56bfc062723c751e8b465ee728b)
Start importing Assets/Ground textures pack/Grass & dead leafs 01/preview.jpg using Guid(9f425c22a471a47459e192cb7dafd4c5) Importer(815301076,1909f56bfc062723c751e8b465ee728b)  -> (artifact id: '522f2b3f927dbbefddf2d6484603af26') in 0.018793 seconds 
  Import took 0.021810 seconds .

========================================================================
Received Import Request.
  Time since last request: 0.000183 seconds.
  path: Assets/Day-Night Skyboxes/Textures/SkyMorning_Back.png
  artifactKey: Guid(fcc2b2ac825c29e40a96b9fe97d58996) Importer(815301076,1909f56bfc062723c751e8b465ee728b)
Start importing Assets/Day-Night Skyboxes/Textures/SkyMorning_Back.png using Guid(fcc2b2ac825c29e40a96b9fe97d58996) Importer(815301076,1909f56bfc062723c751e8b465ee728b)  -> (artifact id: '9c924379c2ba916273ed0766b9c2e158') in 0.023519 seconds 
  Import took 0.027128 seconds .

========================================================================
Received Import Request.
  Time since last request: 0.000163 seconds.
  path: Assets/Day-Night Skyboxes/Textures/SkyAfterNoon_Left.png
  artifactKey: Guid(969ef861056a05940ba9123d15486191) Importer(815301076,1909f56bfc062723c751e8b465ee728b)
Start importing Assets/Day-Night Skyboxes/Textures/SkyAfterNoon_Left.png using Guid(969ef861056a05940ba9123d15486191) Importer(815301076,1909f56bfc062723c751e8b465ee728b)  -> (artifact id: '5e9d78a7d42541447db566fe16228c87') in 0.020662 seconds 
  Import took 0.025886 seconds .

========================================================================
Received Import Request.
  Time since last request: 0.000193 seconds.
  path: Assets/Ground textures pack/Ground & rocks 02/diffuse.tga
  artifactKey: Guid(3787ecf31b318914f908bb48537ebf10) Importer(815301076,1909f56bfc062723c751e8b465ee728b)
Start importing Assets/Ground textures pack/Ground & rocks 02/diffuse.tga using Guid(3787ecf31b318914f908bb48537ebf10) Importer(815301076,1909f56bfc062723c751e8b465ee728b)  -> (artifact id: 'b75477f9475cada8762065e7f3976475') in 0.023466 seconds 
  Import took 0.026538 seconds .

========================================================================
Received Import Request.
  Time since last request: 0.000203 seconds.
  path: Assets/Day-Night Skyboxes/Textures/SkyMidNight_Right.png
  artifactKey: Guid(8ccea35bb4bd8a9479b160117e0761f3) Importer(815301076,1909f56bfc062723c751e8b465ee728b)
Start importing Assets/Day-Night Skyboxes/Textures/SkyMidNight_Right.png using Guid(8ccea35bb4bd8a9479b160117e0761f3) Importer(815301076,1909f56bfc062723c751e8b465ee728b)  -> (artifact id: '3028d5d30db2913f5e3e028d718851bc') in 0.019363 seconds 
  Import took 0.023551 seconds .

========================================================================
Received Import Request.
  Time since last request: 0.000196 seconds.
  path: Assets/Day-Night Skyboxes/Textures/SkyBrightMorning_Left.png
  artifactKey: Guid(7c7a8084134bd4a4bb75893e64cdd050) Importer(815301076,1909f56bfc062723c751e8b465ee728b)
Start importing Assets/Day-Night Skyboxes/Textures/SkyBrightMorning_Left.png using Guid(7c7a8084134bd4a4bb75893e64cdd050) Importer(815301076,1909f56bfc062723c751e8b465ee728b)  -> (artifact id: 'f3fa05ae364558bfa8eb8940244290b6') in 0.019940 seconds 
  Import took 0.023352 seconds .

========================================================================
Received Import Request.
  Time since last request: 0.000154 seconds.
  path: Assets/RainMaker/Demo/Standard Assets/Environment/TerrainAssets/BillboardTextures/GrassFrond02AlbedoAlpha.psd
  artifactKey: Guid(d6cdc79ec19714fcd980ca3f6ac01a0a) Importer(815301076,1909f56bfc062723c751e8b465ee728b)
Start importing Assets/RainMaker/Demo/Standard Assets/Environment/TerrainAssets/BillboardTextures/GrassFrond02AlbedoAlpha.psd using Guid(d6cdc79ec19714fcd980ca3f6ac01a0a) Importer(815301076,1909f56bfc062723c751e8b465ee728b)  -> (artifact id: '9f74791a6b1fb754ce993a1e47f4aad2') in 0.018323 seconds 
  Import took 0.021332 seconds .

========================================================================
Received Import Request.
  Time since last request: 0.000153 seconds.
  path: Assets/Ground textures pack/Ground 02/diffuse.tga
  artifactKey: Guid(cd4f831376722b54bbadd59ef7c6c744) Importer(815301076,1909f56bfc062723c751e8b465ee728b)
Start importing Assets/Ground textures pack/Ground 02/diffuse.tga using Guid(cd4f831376722b54bbadd59ef7c6c744) Importer(815301076,1909f56bfc062723c751e8b465ee728b)  -> (artifact id: 'f8aedb29b5449b936a61e2b0ba951d1f') in 0.023079 seconds 
  Import took 0.026328 seconds .

========================================================================
Received Import Request.
  Time since last request: 0.000187 seconds.
  path: Assets/Ground textures pack/Grass & rocks/preview.jpg
  artifactKey: Guid(8d88ad474360045458b4fb808dbb4ac9) Importer(815301076,1909f56bfc062723c751e8b465ee728b)
Start importing Assets/Ground textures pack/Grass & rocks/preview.jpg using Guid(8d88ad474360045458b4fb808dbb4ac9) Importer(815301076,1909f56bfc062723c751e8b465ee728b)  -> (artifact id: '555fc0f747abf0b0886dc62b5eda7d7e') in 0.011627 seconds 
  Import took 0.015116 seconds .

========================================================================
Received Import Request.
  Time since last request: 0.000158 seconds.
  path: Assets/EmaceArt/Free Meadows/Texture/Demo_Cliffwall.png
  artifactKey: Guid(8cd90927d45f91647b40c33d924edb73) Importer(815301076,1909f56bfc062723c751e8b465ee728b)
Start importing Assets/EmaceArt/Free Meadows/Texture/Demo_Cliffwall.png using Guid(8cd90927d45f91647b40c33d924edb73) Importer(815301076,1909f56bfc062723c751e8b465ee728b)  -> (artifact id: '74435bb6754819019f5b2a110120c75f') in 0.026435 seconds 
  Import took 0.031864 seconds .

========================================================================
Received Import Request.
  Time since last request: 0.000176 seconds.
  path: Assets/Day-Night Skyboxes/Textures/SkyEarlyDusk_Right.png
  artifactKey: Guid(a8bbea5efbf70dc45a0dd6325430062f) Importer(815301076,1909f56bfc062723c751e8b465ee728b)
Start importing Assets/Day-Night Skyboxes/Textures/SkyEarlyDusk_Right.png using Guid(a8bbea5efbf70dc45a0dd6325430062f) Importer(815301076,1909f56bfc062723c751e8b465ee728b)  -> (artifact id: '553919001882cf7c9a59d30081f7d62a') in 0.020096 seconds 
  Import took 0.023551 seconds .

========================================================================
Received Import Request.
  Time since last request: 0.000170 seconds.
  path: Assets/Ground textures pack/Dry ground/normal.tga
  artifactKey: Guid(af579c7a89d15d24eb8c925a43a236cf) Importer(815301076,1909f56bfc062723c751e8b465ee728b)
Start importing Assets/Ground textures pack/Dry ground/normal.tga using Guid(af579c7a89d15d24eb8c925a43a236cf) Importer(815301076,1909f56bfc062723c751e8b465ee728b)  -> (artifact id: 'b9ae1c09a289eafc941964d590c55230') in 0.027217 seconds 
  Import took 0.030731 seconds .

========================================================================
Received Import Request.
  Time since last request: 0.000159 seconds.
  path: Assets/Day-Night Skyboxes/Textures/SkyCloudy_Right.png
  artifactKey: Guid(d5618a43493f3e144a6ad0c0d17d335e) Importer(815301076,1909f56bfc062723c751e8b465ee728b)
Start importing Assets/Day-Night Skyboxes/Textures/SkyCloudy_Right.png using Guid(d5618a43493f3e144a6ad0c0d17d335e) Importer(815301076,1909f56bfc062723c751e8b465ee728b)  -> (artifact id: '2f1932f064cbe32a1819e681f7718394') in 0.019705 seconds 
  Import took 0.023227 seconds .

========================================================================
Received Import Request.
  Time since last request: 8.557686 seconds.
  path: Assets/MonsterICON.PNG
  artifactKey: Guid(56fd9239802851c43b5bc79efd4c3403) Importer(815301076,1909f56bfc062723c751e8b465ee728b)
Start importing Assets/MonsterICON.PNG using Guid(56fd9239802851c43b5bc79efd4c3403) Importer(815301076,1909f56bfc062723c751e8b465ee728b)  -> (artifact id: 'a76ce889bba0fe5d3784c16a5957b005') in 0.014424 seconds 
  Import took 0.017394 seconds .

========================================================================
Received Prepare
Registering precompiled user dll's ...
Registered in 0.004573 seconds.
Begin MonoManager ReloadAssembly
Native extension for WindowsStandalone target not found
Refreshing native plugins compatible for Editor in 0.37 ms, found 2 plugins.
Preloading 0 native plugins for Editor in 0.00 ms.
Mono: successfully reloaded assembly
- Completed reload, in  0.912 seconds
Domain Reload Profiling:
	ReloadAssembly (912ms)
		BeginReloadAssembly (112ms)
			ExecutionOrderSort (0ms)
			DisableScriptedObjects (5ms)
			BackupInstance (0ms)
			ReleaseScriptingObjects (0ms)
			CreateAndSetChildDomain (31ms)
		EndReloadAssembly (732ms)
			LoadAssemblies (88ms)
			RebuildTransferFunctionScriptingTraits (0ms)
			SetupTypeCache (256ms)
			ReleaseScriptCaches (1ms)
			RebuildScriptCaches (34ms)
			SetupLoadedEditorAssemblies (266ms)
				LogAssemblyErrors (0ms)
				InitializePlatformSupportModulesInManaged (5ms)
				SetLoadedEditorAssemblies (0ms)
				RefreshPlugins (0ms)
				BeforeProcessingInitializeOnLoad (76ms)
				ProcessInitializeOnLoadAttributes (175ms)
				ProcessInitializeOnLoadMethodAttributes (4ms)
				AfterProcessingInitializeOnLoad (6ms)
				EditorAssembliesLoaded (0ms)
			ExecutionOrderSort2 (0ms)
			AwakeInstancesAfterBackupRestoration (6ms)
Platform modules already initialized, skipping
Shader 'Custom/RainShader': fallback shader 'Particles/Alpha Blended' not found
Refreshing native plugins compatible for Editor in 0.40 ms, found 2 plugins.
Preloading 0 native plugins for Editor in 0.00 ms.
Unloading 1430 Unused Serialized files (Serialized files now loaded: 0)
System memory in use before: 166.4 MB.
System memory in use after: 166.5 MB.

Unloading 13 unused Assets to reduce memory usage. Loaded Objects now: 1919.
Total: 1.757100 ms (FindLiveObjects: 0.142500 ms CreateObjectMapping: 0.046500 ms MarkObjects: 1.551500 ms  DeleteObjects: 0.015700 ms)

AssetImportParameters requested are different than current active one (requested -> active):
  custom:framework-win-MediaFoundation: 216162199b28c13a410421893ffa2e32 -> 
  custom:video-decoder-ogg-theora: a1e56fd34408186e4bbccfd4996cb3dc -> 
  custom:container-muxer-webm: aa71ff27fc2769a1b78a27578f13a17b -> 
  custom:container-demuxer-webm: 4f35f7cbe854078d1ac9338744f61a02 -> 
  custom:container-demuxer-ogg: 62fdf1f143b41e24485cea50d1cbac27 -> 
  custom:video-encoder-webm-vp8: eb34c28f22e8b96e1ab97ce403110664 -> 
  custom:video-decoder-webm-vp8: 9c59270c3fd7afecdb556c50c9e8de78 -> 
  custom:audio-decoder-ogg-vorbis: bf7c407c2cedff20999df2af8eb42d56 -> 
  custom:audio-encoder-webm-vorbis: bf7c407c2cedff20999df2af8eb42d56 -> 
========================================================================
Received Import Request.
  Time since last request: 172.494902 seconds.
  path: Assets/Scripts/FieldOfViewEditor.cs
  artifactKey: Guid(d6bf5cc068c2c4440a12f8f80a767bd8) Importer(815301076,1909f56bfc062723c751e8b465ee728b)
Start importing Assets/Scripts/FieldOfViewEditor.cs using Guid(d6bf5cc068c2c4440a12f8f80a767bd8) Importer(815301076,1909f56bfc062723c751e8b465ee728b)  -> (artifact id: '18424008b36c25fca51b26ce19e82192') in 0.014481 seconds 
  Import took 0.017699 seconds .

========================================================================
Received Import Request.
  Time since last request: 0.002245 seconds.
  path: Assets/Scripts/FieldOfViewEditor.cs
  artifactKey: Guid(d6bf5cc068c2c4440a12f8f80a767bd8) Importer(815301076,1909f56bfc062723c751e8b465ee728b)
Start importing Assets/Scripts/FieldOfViewEditor.cs using Guid(d6bf5cc068c2c4440a12f8f80a767bd8) Importer(815301076,1909f56bfc062723c751e8b465ee728b)  -> (artifact id: '18424008b36c25fca51b26ce19e82192') in 0.002562 seconds 
  Import took 0.005780 seconds .

========================================================================
Received Prepare
Registering precompiled user dll's ...
Registered in 0.004693 seconds.
Begin MonoManager ReloadAssembly
Native extension for WindowsStandalone target not found
Refreshing native plugins compatible for Editor in 0.38 ms, found 2 plugins.
Preloading 0 native plugins for Editor in 0.00 ms.
Mono: successfully reloaded assembly
- Completed reload, in  0.900 seconds
Domain Reload Profiling:
	ReloadAssembly (900ms)
		BeginReloadAssembly (106ms)
			ExecutionOrderSort (0ms)
			DisableScriptedObjects (4ms)
			BackupInstance (0ms)
			ReleaseScriptingObjects (0ms)
			CreateAndSetChildDomain (28ms)
		EndReloadAssembly (732ms)
			LoadAssemblies (81ms)
			RebuildTransferFunctionScriptingTraits (0ms)
			SetupTypeCache (247ms)
			ReleaseScriptCaches (1ms)
			RebuildScriptCaches (34ms)
			SetupLoadedEditorAssemblies (277ms)
				LogAssemblyErrors (0ms)
				InitializePlatformSupportModulesInManaged (5ms)
				SetLoadedEditorAssemblies (0ms)
				RefreshPlugins (0ms)
				BeforeProcessingInitializeOnLoad (78ms)
				ProcessInitializeOnLoadAttributes (183ms)
				ProcessInitializeOnLoadMethodAttributes (4ms)
				AfterProcessingInitializeOnLoad (6ms)
				EditorAssembliesLoaded (0ms)
			ExecutionOrderSort2 (0ms)
			AwakeInstancesAfterBackupRestoration (6ms)
Platform modules already initialized, skipping
Shader 'Custom/RainShader': fallback shader 'Particles/Alpha Blended' not found
Refreshing native plugins compatible for Editor in 0.46 ms, found 2 plugins.
Preloading 0 native plugins for Editor in 0.00 ms.
Unloading 1429 Unused Serialized files (Serialized files now loaded: 0)
System memory in use before: 166.4 MB.
System memory in use after: 166.5 MB.

Unloading 14 unused Assets to reduce memory usage. Loaded Objects now: 1921.
Total: 1.920000 ms (FindLiveObjects: 0.172200 ms CreateObjectMapping: 0.049600 ms MarkObjects: 1.677200 ms  DeleteObjects: 0.019800 ms)

AssetImportParameters requested are different than current active one (requested -> active):
  custom:framework-win-MediaFoundation: 216162199b28c13a410421893ffa2e32 -> 
  custom:video-decoder-ogg-theora: a1e56fd34408186e4bbccfd4996cb3dc -> 
  custom:container-muxer-webm: aa71ff27fc2769a1b78a27578f13a17b -> 
  custom:container-demuxer-webm: 4f35f7cbe854078d1ac9338744f61a02 -> 
  custom:container-demuxer-ogg: 62fdf1f143b41e24485cea50d1cbac27 -> 
  custom:video-encoder-webm-vp8: eb34c28f22e8b96e1ab97ce403110664 -> 
  custom:video-decoder-webm-vp8: 9c59270c3fd7afecdb556c50c9e8de78 -> 
  custom:audio-decoder-ogg-vorbis: bf7c407c2cedff20999df2af8eb42d56 -> 
  custom:audio-encoder-webm-vorbis: bf7c407c2cedff20999df2af8eb42d56 -> 
========================================================================
Received Prepare
Shader 'Custom/RainShader': fallback shader 'Particles/Alpha Blended' not found
Refreshing native plugins compatible for Editor in 3.65 ms, found 2 plugins.
Preloading 0 native plugins for Editor in 0.00 ms.
Unloading 11 Unused Serialized files (Serialized files now loaded: 0)
System memory in use before: 137.9 MB.
System memory in use after: 138.0 MB.

Unloading 11 unused Assets to reduce memory usage. Loaded Objects now: 1921.
Total: 2.015100 ms (FindLiveObjects: 0.128600 ms CreateObjectMapping: 0.039900 ms MarkObjects: 1.834600 ms  DeleteObjects: 0.011300 ms)

AssetImportParameters requested are different than current active one (requested -> active):
  custom:framework-win-MediaFoundation: 216162199b28c13a410421893ffa2e32 -> 
  custom:video-decoder-ogg-theora: a1e56fd34408186e4bbccfd4996cb3dc -> 
  custom:container-muxer-webm: aa71ff27fc2769a1b78a27578f13a17b -> 
  custom:container-demuxer-webm: 4f35f7cbe854078d1ac9338744f61a02 -> 
  custom:container-demuxer-ogg: 62fdf1f143b41e24485cea50d1cbac27 -> 
  custom:video-encoder-webm-vp8: eb34c28f22e8b96e1ab97ce403110664 -> 
  custom:video-decoder-webm-vp8: 9c59270c3fd7afecdb556c50c9e8de78 -> 
  custom:audio-decoder-ogg-vorbis: bf7c407c2cedff20999df2af8eb42d56 -> 
  custom:audio-encoder-webm-vorbis: bf7c407c2cedff20999df2af8eb42d56 -> 
========================================================================
Received Prepare
Registering precompiled user dll's ...
Registered in 0.004723 seconds.
Begin MonoManager ReloadAssembly
Native extension for WindowsStandalone target not found
Refreshing native plugins compatible for Editor in 0.40 ms, found 2 plugins.
Preloading 0 native plugins for Editor in 0.00 ms.
Mono: successfully reloaded assembly
- Completed reload, in  0.921 seconds
Domain Reload Profiling:
	ReloadAssembly (922ms)
		BeginReloadAssembly (98ms)
			ExecutionOrderSort (0ms)
			DisableScriptedObjects (4ms)
			BackupInstance (0ms)
			ReleaseScriptingObjects (0ms)
			CreateAndSetChildDomain (28ms)
		EndReloadAssembly (758ms)
			LoadAssemblies (82ms)
			RebuildTransferFunctionScriptingTraits (0ms)
			SetupTypeCache (264ms)
			ReleaseScriptCaches (1ms)
			RebuildScriptCaches (36ms)
			SetupLoadedEditorAssemblies (279ms)
				LogAssemblyErrors (0ms)
				InitializePlatformSupportModulesInManaged (5ms)
				SetLoadedEditorAssemblies (0ms)
				RefreshPlugins (0ms)
				BeforeProcessingInitializeOnLoad (79ms)
				ProcessInitializeOnLoadAttributes (184ms)
				ProcessInitializeOnLoadMethodAttributes (4ms)
				AfterProcessingInitializeOnLoad (6ms)
				EditorAssembliesLoaded (0ms)
			ExecutionOrderSort2 (0ms)
			AwakeInstancesAfterBackupRestoration (6ms)
Platform modules already initialized, skipping
Shader 'Custom/RainShader': fallback shader 'Particles/Alpha Blended' not found
Refreshing native plugins compatible for Editor in 0.39 ms, found 2 plugins.
Preloading 0 native plugins for Editor in 0.00 ms.
Unloading 1429 Unused Serialized files (Serialized files now loaded: 0)
System memory in use before: 166.4 MB.
System memory in use after: 166.5 MB.

Unloading 13 unused Assets to reduce memory usage. Loaded Objects now: 1924.
Total: 1.763900 ms (FindLiveObjects: 0.148700 ms CreateObjectMapping: 0.047500 ms MarkObjects: 1.552400 ms  DeleteObjects: 0.014400 ms)

AssetImportParameters requested are different than current active one (requested -> active):
  custom:framework-win-MediaFoundation: 216162199b28c13a410421893ffa2e32 -> 
  custom:video-decoder-ogg-theora: a1e56fd34408186e4bbccfd4996cb3dc -> 
  custom:container-muxer-webm: aa71ff27fc2769a1b78a27578f13a17b -> 
  custom:container-demuxer-webm: 4f35f7cbe854078d1ac9338744f61a02 -> 
  custom:container-demuxer-ogg: 62fdf1f143b41e24485cea50d1cbac27 -> 
  custom:video-encoder-webm-vp8: eb34c28f22e8b96e1ab97ce403110664 -> 
  custom:video-decoder-webm-vp8: 9c59270c3fd7afecdb556c50c9e8de78 -> 
  custom:audio-decoder-ogg-vorbis: bf7c407c2cedff20999df2af8eb42d56 -> 
  custom:audio-encoder-webm-vorbis: bf7c407c2cedff20999df2af8eb42d56 -> 
========================================================================
Received Prepare
Registering precompiled user dll's ...
Registered in 0.008126 seconds.
Begin MonoManager ReloadAssembly
Native extension for WindowsStandalone target not found
Refreshing native plugins compatible for Editor in 0.36 ms, found 2 plugins.
Preloading 0 native plugins for Editor in 0.00 ms.
Mono: successfully reloaded assembly
- Completed reload, in  0.890 seconds
Domain Reload Profiling:
	ReloadAssembly (891ms)
		BeginReloadAssembly (96ms)
			ExecutionOrderSort (0ms)
			DisableScriptedObjects (5ms)
			BackupInstance (0ms)
			ReleaseScriptingObjects (0ms)
			CreateAndSetChildDomain (28ms)
		EndReloadAssembly (734ms)
			LoadAssemblies (83ms)
			RebuildTransferFunctionScriptingTraits (0ms)
			SetupTypeCache (250ms)
			ReleaseScriptCaches (1ms)
			RebuildScriptCaches (36ms)
			SetupLoadedEditorAssemblies (270ms)
				LogAssemblyErrors (0ms)
				InitializePlatformSupportModulesInManaged (5ms)
				SetLoadedEditorAssemblies (0ms)
				RefreshPlugins (0ms)
				BeforeProcessingInitializeOnLoad (79ms)
				ProcessInitializeOnLoadAttributes (176ms)
				ProcessInitializeOnLoadMethodAttributes (4ms)
				AfterProcessingInitializeOnLoad (6ms)
				EditorAssembliesLoaded (0ms)
			ExecutionOrderSort2 (0ms)
			AwakeInstancesAfterBackupRestoration (6ms)
Platform modules already initialized, skipping
Shader 'Custom/RainShader': fallback shader 'Particles/Alpha Blended' not found
Refreshing native plugins compatible for Editor in 0.37 ms, found 2 plugins.
Preloading 0 native plugins for Editor in 0.00 ms.
Unloading 1429 Unused Serialized files (Serialized files now loaded: 0)
System memory in use before: 166.4 MB.
System memory in use after: 166.5 MB.

Unloading 13 unused Assets to reduce memory usage. Loaded Objects now: 1927.
Total: 2.333900 ms (FindLiveObjects: 0.215800 ms CreateObjectMapping: 0.063000 ms MarkObjects: 2.024300 ms  DeleteObjects: 0.029600 ms)

AssetImportParameters requested are different than current active one (requested -> active):
  custom:framework-win-MediaFoundation: 216162199b28c13a410421893ffa2e32 -> 
  custom:video-decoder-ogg-theora: a1e56fd34408186e4bbccfd4996cb3dc -> 
  custom:container-muxer-webm: aa71ff27fc2769a1b78a27578f13a17b -> 
  custom:container-demuxer-webm: 4f35f7cbe854078d1ac9338744f61a02 -> 
  custom:container-demuxer-ogg: 62fdf1f143b41e24485cea50d1cbac27 -> 
  custom:video-encoder-webm-vp8: eb34c28f22e8b96e1ab97ce403110664 -> 
  custom:video-decoder-webm-vp8: 9c59270c3fd7afecdb556c50c9e8de78 -> 
  custom:audio-decoder-ogg-vorbis: bf7c407c2cedff20999df2af8eb42d56 -> 
  custom:audio-encoder-webm-vorbis: bf7c407c2cedff20999df2af8eb42d56 -> 
AssetImportWorkerClient::OnTransportError - code=2 error=End of file
